
Importing C:\Users\Public\Documents\Altium\Projects\Prueba_1\PDNAnalyzer_Output\PCB1\Simulacion_Prueba_PDN\odb.tgz... [Mon Jan 25 19:04:32 2021]
============================================================
Reading ODB++ database ...

file not found: odb/misc/info.Z
Reading file odb/matrix/matrix...
Reading file odb/steps/pcb/profile...
Reading file odb/steps/pcb/eda/data...
Origin of ODB++ database:  Altium Designer file - Version 1.0.0.30000
eda data: 2 packages, 4 nets.
Reading file odb/steps/pcb/layers/top_solder/features...
10 SWHs on layer TOP_SOLDER

Reading file odb/steps/pcb/layers/top_layer/features...
32 SWHs on layer TOP_LAYER

Reading file odb/steps/pcb/layers/bottom_layer/features...
4 SWHs on layer BOTTOM_LAYER

Reading file odb/steps/pcb/layers/bottom_solder/features...
4 SWHs on layer BOTTOM_SOLDER

Added substrate layer SUBSTRATE-1 below etch layer TOP_LAYER
Reading file odb/steps/pcb/layers/top_solder/attrlist...
Reading file odb/steps/pcb/layers/top_layer/attrlist...
Reading file odb/steps/pcb/layers/bottom_layer/attrlist...
Reading file odb/steps/pcb/layers/bottom_solder/attrlist...
WARNING: material values were set to default due to missing information for the following layers:  'TOP_SOLDER', 'TOP_LAYER', 'BOTTOM_LAYER', 'BOTTOM_SOLDER'
parsing drills TOP_LAYER-BOTTOM_LAYER
Reading file odb/steps/pcb/layers/drill/features...
Reading file odb/steps/pcb/layers/comp_+_top/components...
========================================
INFO: Created CSV file (C:\Users\Public\Documents\Altium\Projects\Prueba_1\PDNAnalyzer_Output\PCB1\Simulacion_Prueba_PDN\Results\tmp\design.csv) with component properties extracted from ODB++ file.
========================================
========================================
Lumped-element import (C:\Users\Public\Documents\Altium\Projects\Prueba_1\PDNAnalyzer_Output\PCB1\Simulacion_Prueba_PDN\Results\tmp\design.csv)...
Detected ' ; ' as separator.

Value-string translations:
	1K ->  1.0 kOhms (R)
========================================
Auto-imported CSV-file 'C:\Users\Public\Documents\Altium\Projects\Prueba_1\PDNAnalyzer_Output\PCB1\Simulacion_Prueba_PDN\Results\tmp\design.csv'.
========================================
Unifying library padstacks...
Finished reading database.
============================================================
